<?xml version="1.0" encoding="UTF-8"?>
<!-- Generated by org.testng.reporters.JUnitReportReporter -->
<testsuite hostname="Z422" failures="0" tests="1" name="com.databaseframe.testcases.TC001_TrialRunTest" time="0.483" errors="0" timestamp="2022-11-26T23:15:30 IST" skipped="0">
  <testcase classname="com.databaseframe.testcases.TC001_TrialRunTest" name="trialRun" time="0.483"/>
  <system-out/>
</testsuite> <!-- com.databaseframe.testcases.TC001_TrialRunTest -->
