<?xml version="1.0" encoding="UTF-8"?>
<!-- Generated by org.testng.reporters.JUnitReportReporter -->
<testsuite hostname="Z422" failures="0" tests="1" name="com.databaseframe.testcases.TC002_RetriveSingleDataTest" time="0.036" errors="0" timestamp="2022-11-28T22:34:13 IST" skipped="0">
  <testcase classname="com.databaseframe.testcases.TC002_RetriveSingleDataTest" name="sigleDataTest" time="0.036"/>
  <system-out/>
</testsuite> <!-- com.databaseframe.testcases.TC002_RetriveSingleDataTest -->
